<?xml version="1.0" encoding="UTF-8"?>
<!-- Generated by org.testng.reporters.JUnitXMLReporter -->
<testsuite hostname="rasta" ignored="0" name="Default test" tests="2" failures="0" timestamp="13 Feb 2019 21:50:01 GMT" time="4.652" errors="0">
  <testcase name="s200_RegisterTokenReturned" time="3.405" classname="com.APITest.tests.SamplePostRequest"/>
  <testcase name="s400_MissingEmailField_ErrorReturned" time="1.131" classname="com.APITest.tests.SamplePostRequest"/>
</testsuite> <!-- Default test -->
