<?xml version="1.0" encoding="UTF-8"?>
<!-- Generated by org.testng.reporters.JUnitXMLReporter -->
<testsuite hostname="rasta" ignored="0" name="API test run group 1" tests="2" failures="0" timestamp="21 Dec 2018 01:33:52 GMT" time="6.347" errors="0">
  <testcase name="s200_Get_PComments" time="5.062" classname="com.APITest.tests.SampleAPITests"/>
  <testcase name="s200_Get_WeatherInfoByZipcode" time="1.226" classname="com.APITest.tests.SampleAPITests"/>
</testsuite> <!-- API test run group 1 -->
