<?xml version="1.0" encoding="UTF-8"?>
<!-- Generated by org.testng.reporters.JUnitXMLReporter -->
<testsuite hostname="rasta" ignored="0" name="API test run group 2" tests="2" failures="0" timestamp="21 Dec 2018 01:33:51 GMT" time="5.439" errors="0">
  <testcase name="s200_RegisterTokenReturned" time="4.208" classname="com.APITest.tests.SamplePostRequest"/>
  <testcase name="s400_MissingEmailField_ErrorReturned" time="1.094" classname="com.APITest.tests.SamplePostRequest"/>
</testsuite> <!-- API test run group 2 -->
