<?xml version="1.0" encoding="UTF-8"?>
<testng-results skipped="0" failed="0" ignored="0" total="4" passed="4">
  <reporter-output>
  </reporter-output>
  <suite name="Smoke Suite" duration-ms="6347" started-at="2018-12-21T01:33:45Z" finished-at="2018-12-21T01:33:52Z">
    <groups>
    </groups>
    <test name="API test run group 2" duration-ms="5439" started-at="2018-12-21T01:33:45Z" finished-at="2018-12-21T01:33:51Z">
      <class name="com.APITest.tests.SamplePostRequest">
        <test-method status="PASS" signature="setAPITestConfig()[pri:0, instance:com.APITest.tests.SamplePostRequest@31610302]" name="setAPITestConfig" is-config="true" duration-ms="17" started-at="2018-12-21T01:33:45Z" finished-at="2018-12-21T01:33:45Z">
          <reporter-output>
          </reporter-output>
        </test-method> <!-- setAPITestConfig -->
        <test-method status="PASS" signature="s200_RegisterTokenReturned(java.lang.String)[pri:0, instance:com.APITest.tests.SamplePostRequest@31610302]" name="s200_RegisterTokenReturned" duration-ms="4208" started-at="2018-12-21T01:33:46Z" description="simple post call to test this framework" data-provider="dataProvider" finished-at="2018-12-21T01:33:50Z">
          <params>
            <param index="0">
              <value>
                <![CDATA[token]]>
              </value>
            </param>
          </params>
          <reporter-output>
          </reporter-output>
        </test-method> <!-- s200_RegisterTokenReturned -->
        <test-method status="PASS" signature="getRestCallConfig()[pri:0, instance:com.APITest.tests.SamplePostRequest@31610302]" name="getRestCallConfig" is-config="true" duration-ms="0" started-at="2018-12-21T01:33:46Z" finished-at="2018-12-21T01:33:46Z">
          <reporter-output>
          </reporter-output>
        </test-method> <!-- getRestCallConfig -->
        <test-method status="PASS" signature="afterMethod(org.testng.ITestResult)[pri:0, instance:com.APITest.tests.SamplePostRequest@31610302]" name="afterMethod" is-config="true" duration-ms="3" started-at="2018-12-21T01:33:50Z" finished-at="2018-12-21T01:33:50Z">
          <params>
            <param index="0">
              <value>
                <![CDATA[[TestResult name=s200_RegisterTokenReturned status=SUCCESS method=SamplePostRequest.s200_RegisterTokenReturned(java.lang.String)[pri:0, instance:com.APITest.tests.SamplePostRequest@31610302] output={null}]]]>
              </value>
            </param>
          </params>
          <reporter-output>
          </reporter-output>
        </test-method> <!-- afterMethod -->
        <test-method status="PASS" signature="getRestCallConfig()[pri:0, instance:com.APITest.tests.SamplePostRequest@31610302]" name="getRestCallConfig" is-config="true" duration-ms="1" started-at="2018-12-21T01:33:50Z" finished-at="2018-12-21T01:33:50Z">
          <reporter-output>
          </reporter-output>
        </test-method> <!-- getRestCallConfig -->
        <test-method status="PASS" signature="s400_MissingEmailField_ErrorReturned(java.lang.String)[pri:0, instance:com.APITest.tests.SamplePostRequest@31610302]" name="s400_MissingEmailField_ErrorReturned" duration-ms="1094" started-at="2018-12-21T01:33:50Z" description="testing error handling" data-provider="dataProvider" finished-at="2018-12-21T01:33:51Z">
          <params>
            <param index="0">
              <value>
                <![CDATA[Missing password]]>
              </value>
            </param>
          </params>
          <reporter-output>
          </reporter-output>
        </test-method> <!-- s400_MissingEmailField_ErrorReturned -->
        <test-method status="PASS" signature="afterMethod(org.testng.ITestResult)[pri:0, instance:com.APITest.tests.SamplePostRequest@31610302]" name="afterMethod" is-config="true" duration-ms="1" started-at="2018-12-21T01:33:51Z" finished-at="2018-12-21T01:33:51Z">
          <params>
            <param index="0">
              <value>
                <![CDATA[[TestResult name=s400_MissingEmailField_ErrorReturned status=SUCCESS method=SamplePostRequest.s400_MissingEmailField_ErrorReturned(java.lang.String)[pri:0, instance:com.APITest.tests.SamplePostRequest@31610302] output={null}]]]>
              </value>
            </param>
          </params>
          <reporter-output>
          </reporter-output>
        </test-method> <!-- afterMethod -->
      </class> <!-- com.APITest.tests.SamplePostRequest -->
    </test> <!-- API test run group 2 -->
    <test name="API test run group 1" duration-ms="6347" started-at="2018-12-21T01:33:45Z" finished-at="2018-12-21T01:33:52Z">
      <class name="com.APITest.tests.SampleAPITests">
        <test-method status="PASS" signature="s200_Get_PComments()[pri:0, instance:com.APITest.tests.SampleAPITests@56ac3a89]" name="s200_Get_PComments" duration-ms="5062" started-at="2018-12-21T01:33:45Z" description="simple get call to test this framework" finished-at="2018-12-21T01:33:51Z">
          <reporter-output>
          </reporter-output>
        </test-method> <!-- s200_Get_PComments -->
        <test-method status="PASS" signature="getRestCallConfig()[pri:0, instance:com.APITest.tests.SampleAPITests@56ac3a89]" name="getRestCallConfig" is-config="true" duration-ms="0" started-at="2018-12-21T01:33:45Z" finished-at="2018-12-21T01:33:45Z">
          <reporter-output>
          </reporter-output>
        </test-method> <!-- getRestCallConfig -->
        <test-method status="PASS" signature="afterMethod(org.testng.ITestResult)[pri:0, instance:com.APITest.tests.SampleAPITests@56ac3a89]" name="afterMethod" is-config="true" duration-ms="1" started-at="2018-12-21T01:33:51Z" finished-at="2018-12-21T01:33:51Z">
          <params>
            <param index="0">
              <value>
                <![CDATA[[TestResult name=s200_Get_PComments status=SUCCESS method=SampleAPITests.s200_Get_PComments()[pri:0, instance:com.APITest.tests.SampleAPITests@56ac3a89] output={null}]]]>
              </value>
            </param>
          </params>
          <reporter-output>
          </reporter-output>
        </test-method> <!-- afterMethod -->
        <test-method status="PASS" signature="getRestCallConfig()[pri:0, instance:com.APITest.tests.SampleAPITests@56ac3a89]" name="getRestCallConfig" is-config="true" duration-ms="1" started-at="2018-12-21T01:33:51Z" finished-at="2018-12-21T01:33:51Z">
          <reporter-output>
          </reporter-output>
        </test-method> <!-- getRestCallConfig -->
        <test-method status="PASS" signature="s200_Get_WeatherInfoByZipcode()[pri:0, instance:com.APITest.tests.SampleAPITests@56ac3a89]" name="s200_Get_WeatherInfoByZipcode" duration-ms="1226" started-at="2018-12-21T01:33:51Z" description="simple get call to validate the required fields are included in the response body" finished-at="2018-12-21T01:33:52Z">
          <reporter-output>
          </reporter-output>
        </test-method> <!-- s200_Get_WeatherInfoByZipcode -->
        <test-method status="PASS" signature="afterMethod(org.testng.ITestResult)[pri:0, instance:com.APITest.tests.SampleAPITests@56ac3a89]" name="afterMethod" is-config="true" duration-ms="4" started-at="2018-12-21T01:33:52Z" finished-at="2018-12-21T01:33:52Z">
          <params>
            <param index="0">
              <value>
                <![CDATA[[TestResult name=s200_Get_WeatherInfoByZipcode status=SUCCESS method=SampleAPITests.s200_Get_WeatherInfoByZipcode()[pri:0, instance:com.APITest.tests.SampleAPITests@56ac3a89] output={null}]]]>
              </value>
            </param>
          </params>
          <reporter-output>
          </reporter-output>
        </test-method> <!-- afterMethod -->
      </class> <!-- com.APITest.tests.SampleAPITests -->
    </test> <!-- API test run group 1 -->
  </suite> <!-- Smoke Suite -->
</testng-results>
