<?xml version="1.0" encoding="UTF-8"?>
<testng-results skipped="0" failed="0" ignored="0" total="1" passed="1">
  <reporter-output>
  </reporter-output>
  <suite name="Default suite" duration-ms="18878" started-at="2019-02-22T01:25:11Z" finished-at="2019-02-22T01:25:30Z">
    <groups>
    </groups>
    <test name="Default test" duration-ms="18878" started-at="2019-02-22T01:25:11Z" finished-at="2019-02-22T01:25:30Z">
      <class name="com.UITest.tests.LogInTestV2">
        <test-method status="PASS" signature="beforSuite()[pri:0, instance:com.UITest.tests.LogInTestV2@5649fd9b]" name="beforSuite" is-config="true" duration-ms="13" started-at="2019-02-22T01:25:11Z" finished-at="2019-02-22T01:25:11Z">
          <reporter-output>
          </reporter-output>
        </test-method> <!-- beforSuite -->
        <test-method status="PASS" signature="beforeMethod(java.lang.String)[pri:0, instance:com.UITest.tests.LogInTestV2@5649fd9b]" name="beforeMethod" is-config="true" duration-ms="9610" started-at="2019-02-22T01:25:11Z" finished-at="2019-02-22T01:25:21Z">
          <params>
            <param index="0">
              <value is-null="true"/>
            </param>
          </params>
          <reporter-output>
          </reporter-output>
        </test-method> <!-- beforeMethod -->
        <test-method status="PASS" signature="logInV2(java.lang.String, java.lang.String, java.lang.String, java.lang.String)[pri:0, instance:com.UITest.tests.LogInTestV2@5649fd9b]" name="logInV2" duration-ms="7945" started-at="2019-02-22T01:25:21Z" description="test using getWebElement method from CommonSeleniumActions class " data-provider="dataProvider" finished-at="2019-02-22T01:25:29Z">
          <params>
            <param index="0">
              <value>
                <![CDATA[automationtest@sumoscheduler.com]]>
              </value>
            </param>
            <param index="1">
              <value>
                <![CDATA[mypassword1]]>
              </value>
            </param>
            <param index="2">
              <value>
                <![CDATA[Menu bar is not available. Login is not successful!]]>
              </value>
            </param>
            <param index="3">
              <value>
                <![CDATA[The menu bar has displayed, login is successful]]>
              </value>
            </param>
          </params>
          <reporter-output>
          </reporter-output>
        </test-method> <!-- logInV2 -->
        <test-method status="PASS" signature="afterMethod(org.testng.ITestResult)[pri:0, instance:com.UITest.tests.LogInTestV2@5649fd9b]" name="afterMethod" is-config="true" duration-ms="1268" started-at="2019-02-22T01:25:29Z" finished-at="2019-02-22T01:25:30Z">
          <params>
            <param index="0">
              <value>
                <![CDATA[[TestResult name=logInV2 status=SUCCESS method=LogInTestV2.logInV2(java.lang.String, java.lang.String, java.lang.String, java.lang.String)[pri:0, instance:com.UITest.tests.LogInTestV2@5649fd9b] output={null}]]]>
              </value>
            </param>
          </params>
          <reporter-output>
          </reporter-output>
        </test-method> <!-- afterMethod -->
      </class> <!-- com.UITest.tests.LogInTestV2 -->
    </test> <!-- Default test -->
  </suite> <!-- Default suite -->
</testng-results>
